<?xml version="1.0" encoding="UTF-8"?>
<!-- Generated by org.testng.reporters.JUnitReportReporter -->
<testsuite hostname="DESKTOP-SMTEURG" failures="0" tests="1" name="com.rest_assured.GetRequestExample" time="1.864" errors="0" timestamp="2022-06-30T20:16:18 IST" skipped="0">
  <testcase classname="com.rest_assured.GetRequestExample" name="getRequestExample" time="1.864"/>
  <system-out/>
</testsuite> <!-- com.rest_assured.GetRequestExample -->
