<?xml version="1.0" encoding="UTF-8"?>
<!-- Generated by org.testng.reporters.JUnitReportReporter -->
<testsuite hostname="DESKTOP-SMTEURG" failures="0" tests="1" name="com.rest_assured_bdd.CreateEmpFromJsonFile" time="1.923" errors="0" timestamp="2022-10-21T18:47:39 IST" skipped="0">
  <testcase classname="com.rest_assured_bdd.CreateEmpFromJsonFile" name="createAnEmployeeFromJsonFile" time="1.923"/>
  <system-out/>
</testsuite> <!-- com.rest_assured_bdd.CreateEmpFromJsonFile -->
