<?xml version="1.0" encoding="UTF-8"?>
<!-- Generated by org.testng.reporters.JUnitReportReporter -->
<testsuite hostname="DESKTOP-SMTEURG" failures="0" tests="1" name="com.rest_assured_nonbdd.Serialization" time="1.946" errors="0" timestamp="2022-09-05T12:34:55 IST" skipped="0">
  <testcase classname="com.rest_assured_nonbdd.Serialization" name="serialization" time="1.946"/>
  <system-out/>
</testsuite> <!-- com.rest_assured_nonbdd.Serialization -->
