<?xml version="1.0" encoding="UTF-8"?>
<!-- Generated by org.testng.reporters.JUnitReportReporter -->
<testsuite hostname="DESKTOP-SMTEURG" failures="0" tests="1" name="com.rest.basic_auth.BasicAuth" time="3.439" errors="0" timestamp="2022-07-15T11:47:05 IST" skipped="0">
  <testcase classname="com.rest.basic_auth.BasicAuth" name="getData" time="3.439"/>
  <system-out/>
</testsuite> <!-- com.rest.basic_auth.BasicAuth -->
