<?xml version="1.0" encoding="UTF-8"?>
<!-- Generated by org.testng.reporters.JUnitReportReporter -->
<testsuite hostname="DESKTOP-SMTEURG" failures="0" tests="1" name="com.ems.json_schema_validation.NetworkNtJsonSchemaValidator" time="0.614" errors="0" timestamp="2022-10-25T14:12:25 IST" skipped="0">
  <testcase classname="com.ems.json_schema_validation.NetworkNtJsonSchemaValidator" name="validateJsonSchema" time="0.614"/>
  <system-out/>
</testsuite> <!-- com.ems.json_schema_validation.NetworkNtJsonSchemaValidator -->
