<?xml version="1.0" encoding="UTF-8"?>
<!-- Generated by org.testng.reporters.JUnitReportReporter -->
<testsuite hostname="DESKTOP-SMTEURG" failures="0" tests="1" name="com.ems.json_schema_validation.NetworkNtJsonSchemaValidator" time="0.263" errors="0" timestamp="2022-09-06T11:10:00 IST" skipped="0">
  <testcase classname="com.ems.json_schema_validation.NetworkNtJsonSchemaValidator" name="validateJsonSchema" time="0.263"/>
  <system-out/>
</testsuite> <!-- com.ems.json_schema_validation.NetworkNtJsonSchemaValidator -->
