<?xml version="1.0" encoding="UTF-8"?>
<!-- Generated by org.testng.reporters.JUnitReportReporter -->
<testsuite hostname="DESKTOP-SMTEURG" failures="0" tests="1" name="com.rest_assured_bdd.CreateEmpFromJsonFile" time="1.850" errors="0" timestamp="2022-07-13T17:25:48 IST" skipped="0">
  <testcase classname="com.rest_assured_bdd.CreateEmpFromJsonFile" name="createAnEmployeeFromJsonFile" time="1.850"/>
  <system-out/>
</testsuite> <!-- com.rest_assured_bdd.CreateEmpFromJsonFile -->
