<?xml version="1.0" encoding="UTF-8"?>
<!-- Generated by org.testng.reporters.JUnitReportReporter -->
<testsuite hostname="DESKTOP-SMTEURG" failures="0" tests="1" name="com.rest_assured_bdd.RestBDDStyle" time="1.235" errors="0" timestamp="2022-07-13T14:09:23 IST" skipped="0">
  <testcase classname="com.rest_assured_bdd.RestBDDStyle" name="deleteAnEmployee" time="1.235"/>
  <system-out/>
</testsuite> <!-- com.rest_assured_bdd.RestBDDStyle -->
