<?xml version="1.0" encoding="UTF-8"?>
<!-- Generated by org.testng.reporters.JUnitReportReporter -->
<testsuite hostname="DESKTOP-SMTEURG" failures="0" tests="2" name="com.rest_assured_nonbdd.RestNonBDD" time="1.564" errors="0" timestamp="2022-07-13T12:38:24 IST" skipped="1">
  <testcase classname="com.rest_assured_nonbdd.RestNonBDD" name="GetAnEmployees" time="1.564"/>
  <system-out/>
  <testcase classname="com.rest_assured_nonbdd.RestNonBDD" name="GetAllEmployees">
    <skipped/>
  </testcase> <!-- GetAllEmployees -->
  <system-out/>
</testsuite> <!-- com.rest_assured_nonbdd.RestNonBDD -->
