<?xml version="1.0" encoding="UTF-8"?>
<!-- Generated by org.testng.reporters.JUnitReportReporter -->
<testsuite hostname="DESKTOP-SMTEURG" failures="0" tests="1" name="com.rest_assured.SamplePostRequest" time="1.978" errors="0" timestamp="2022-06-25T18:48:30 IST" skipped="0">
  <testcase classname="com.rest_assured.SamplePostRequest" name="postRequestExample" time="1.978"/>
  <system-out/>
</testsuite> <!-- com.rest_assured.SamplePostRequest -->
