<?xml version="1.0" encoding="UTF-8"?>
<!-- Generated by org.testng.reporters.JUnitReportReporter -->
<testsuite hostname="DESKTOP-SMTEURG" failures="0" tests="1" name="com.rest_assured.SamplePutRequest" time="2.071" errors="0" timestamp="2022-06-25T22:01:49 IST" skipped="0">
  <testcase classname="com.rest_assured.SamplePutRequest" name="deleteRequestExample" time="2.071"/>
  <system-out/>
</testsuite> <!-- com.rest_assured.SamplePutRequest -->
